<?xml version="1.0" encoding="UTF-8"?>
<coverage generated="1768609478508" clover="3.2.0">
  <project timestamp="1768609478509" name="All files">
    <metrics statements="77" coveredstatements="44" conditionals="26" coveredconditionals="12" methods="7" coveredmethods="5" elements="110" coveredelements="61" complexity="0" loc="77" ncloc="77" packages="3" files="8" classes="8"/>
    <package name="middleware">
      <metrics statements="37" coveredstatements="36" conditionals="12" coveredconditionals="12" methods="5" coveredmethods="5"/>
      <file name="auth.js" path="C:\Users\bodya\Desktop\2025-nodejs-pr-main\pr-7\middleware\auth.js">
        <metrics statements="24" coveredstatements="23" conditionals="10" coveredconditionals="10" methods="4" coveredmethods="4"/>
        <line num="1" count="2" type="stmt"/>
        <line num="3" count="2" type="cond" truecount="2" falsecount="0"/>
        <line num="6" count="2" type="stmt"/>
        <line num="7" count="29" type="stmt"/>
        <line num="8" count="29" type="stmt"/>
        <line num="10" count="29" type="cond" truecount="4" falsecount="0"/>
        <line num="11" count="5" type="stmt"/>
        <line num="17" count="24" type="stmt"/>
        <line num="19" count="24" type="stmt"/>
        <line num="20" count="24" type="stmt"/>
        <line num="23" count="22" type="stmt"/>
        <line num="31" count="22" type="stmt"/>
        <line num="33" count="2" type="stmt"/>
        <line num="39" count="0" type="stmt"/>
        <line num="47" count="2" type="stmt"/>
        <line num="48" count="8" type="stmt"/>
        <line num="49" count="19" type="cond" truecount="2" falsecount="0"/>
        <line num="50" count="1" type="stmt"/>
        <line num="56" count="18" type="cond" truecount="2" falsecount="0"/>
        <line num="57" count="5" type="stmt"/>
        <line num="63" count="13" type="stmt"/>
        <line num="68" count="2" type="stmt"/>
        <line num="69" count="27" type="stmt"/>
        <line num="82" count="2" type="stmt"/>
      </file>
      <file name="validation.js" path="C:\Users\bodya\Desktop\2025-nodejs-pr-main\pr-7\middleware\validation.js">
        <metrics statements="13" coveredstatements="13" conditionals="2" coveredconditionals="2" methods="1" coveredmethods="1"/>
        <line num="1" count="2" type="stmt"/>
        <line num="4" count="2" type="stmt"/>
        <line num="5" count="38" type="stmt"/>
        <line num="6" count="38" type="cond" truecount="2" falsecount="0"/>
        <line num="7" count="14" type="stmt"/>
        <line num="13" count="24" type="stmt"/>
        <line num="17" count="2" type="stmt"/>
        <line num="49" count="2" type="stmt"/>
        <line num="63" count="2" type="stmt"/>
        <line num="83" count="2" type="stmt"/>
        <line num="103" count="2" type="stmt"/>
        <line num="111" count="2" type="stmt"/>
        <line num="118" count="2" type="stmt"/>
      </file>
    </package>
    <package name="models">
      <metrics statements="20" coveredstatements="8" conditionals="0" coveredconditionals="0" methods="0" coveredmethods="0"/>
      <file name="Grade.js" path="C:\Users\bodya\Desktop\2025-nodejs-pr-main\pr-7\models\Grade.js">
        <metrics statements="4" coveredstatements="0" conditionals="0" coveredconditionals="0" methods="0" coveredmethods="0"/>
        <line num="1" count="0" type="stmt"/>
        <line num="2" count="0" type="stmt"/>
        <line num="4" count="0" type="stmt"/>
        <line num="38" count="0" type="stmt"/>
      </file>
      <file name="Role.js" path="C:\Users\bodya\Desktop\2025-nodejs-pr-main\pr-7\models\Role.js">
        <metrics statements="4" coveredstatements="0" conditionals="0" coveredconditionals="0" methods="0" coveredmethods="0"/>
        <line num="1" count="0" type="stmt"/>
        <line num="2" count="0" type="stmt"/>
        <line num="4" count="0" type="stmt"/>
        <line num="25" count="0" type="stmt"/>
      </file>
      <file name="Student.js" path="C:\Users\bodya\Desktop\2025-nodejs-pr-main\pr-7\models\Student.js">
        <metrics statements="4" coveredstatements="4" conditionals="0" coveredconditionals="0" methods="0" coveredmethods="0"/>
        <line num="1" count="1" type="stmt"/>
        <line num="2" count="1" type="stmt"/>
        <line num="4" count="1" type="stmt"/>
        <line num="44" count="1" type="stmt"/>
      </file>
      <file name="Subject.js" path="C:\Users\bodya\Desktop\2025-nodejs-pr-main\pr-7\models\Subject.js">
        <metrics statements="4" coveredstatements="0" conditionals="0" coveredconditionals="0" methods="0" coveredmethods="0"/>
        <line num="1" count="0" type="stmt"/>
        <line num="2" count="0" type="stmt"/>
        <line num="4" count="0" type="stmt"/>
        <line num="25" count="0" type="stmt"/>
      </file>
      <file name="User.js" path="C:\Users\bodya\Desktop\2025-nodejs-pr-main\pr-7\models\User.js">
        <metrics statements="4" coveredstatements="4" conditionals="0" coveredconditionals="0" methods="0" coveredmethods="0"/>
        <line num="1" count="1" type="stmt"/>
        <line num="2" count="1" type="stmt"/>
        <line num="4" count="1" type="stmt"/>
        <line num="52" count="1" type="stmt"/>
      </file>
    </package>
    <package name="utils">
      <metrics statements="20" coveredstatements="0" conditionals="14" coveredconditionals="0" methods="2" coveredmethods="0"/>
      <file name="logger.js" path="C:\Users\bodya\Desktop\2025-nodejs-pr-main\pr-7\utils\logger.js">
        <metrics statements="20" coveredstatements="0" conditionals="14" coveredconditionals="0" methods="2" coveredmethods="0"/>
        <line num="1" count="0" type="stmt"/>
        <line num="2" count="0" type="stmt"/>
        <line num="3" count="0" type="stmt"/>
        <line num="4" count="0" type="stmt"/>
        <line num="7" count="0" type="stmt"/>
        <line num="8" count="0" type="cond" truecount="0" falsecount="2"/>
        <line num="9" count="0" type="stmt"/>
        <line num="12" count="0" type="stmt"/>
        <line num="15" count="0" type="stmt"/>
        <line num="19" count="0" type="stmt"/>
        <line num="20" count="0" type="cond" truecount="0" falsecount="2"/>
        <line num="21" count="0" type="stmt"/>
        <line num="23" count="0" type="stmt"/>
        <line num="28" count="0" type="stmt"/>
        <line num="35" count="0" type="stmt"/>
        <line num="44" count="0" type="stmt"/>
        <line num="54" count="0" type="stmt"/>
        <line num="105" count="0" type="stmt"/>
        <line num="107" count="0" type="stmt"/>
        <line num="111" count="0" type="stmt"/>
      </file>
    </package>
  </project>
</coverage>
