{"C:\\Users\\bodya\\Desktop\\2025-nodejs-pr-main\\pr-7\\middleware\\auth.js": {"path":"C:\\Users\\bodya\\Desktop\\2025-nodejs-pr-main\\pr-7\\middleware\\auth.js","statementMap":{"0":{"start":{"line":1,"column":12},"end":{"line":1,"column":35}},"1":{"start":{"line":3,"column":19},"end":{"line":3,"column":83}},"2":{"start":{"line":6,"column":21},"end":{"line":44,"column":1}},"3":{"start":{"line":7,"column":2},"end":{"line":43,"column":3}},"4":{"start":{"line":8,"column":23},"end":{"line":8,"column":48}},"5":{"start":{"line":10,"column":4},"end":{"line":15,"column":5}},"6":{"start":{"line":11,"column":6},"end":{"line":14,"column":9}},"7":{"start":{"line":17,"column":18},"end":{"line":17,"column":41}},"8":{"start":{"line":19,"column":4},"end":{"line":37,"column":5}},"9":{"start":{"line":20,"column":22},"end":{"line":20,"column":51}},"10":{"start":{"line":23,"column":6},"end":{"line":29,"column":8}},"11":{"start":{"line":31,"column":6},"end":{"line":31,"column":13}},"12":{"start":{"line":33,"column":6},"end":{"line":36,"column":9}},"13":{"start":{"line":39,"column":4},"end":{"line":42,"column":7}},"14":{"start":{"line":47,"column":18},"end":{"line":65,"column":1}},"15":{"start":{"line":48,"column":2},"end":{"line":64,"column":4}},"16":{"start":{"line":49,"column":4},"end":{"line":54,"column":5}},"17":{"start":{"line":50,"column":6},"end":{"line":53,"column":9}},"18":{"start":{"line":56,"column":4},"end":{"line":61,"column":5}},"19":{"start":{"line":57,"column":6},"end":{"line":60,"column":9}},"20":{"start":{"line":63,"column":4},"end":{"line":63,"column":11}},"21":{"start":{"line":68,"column":22},"end":{"line":80,"column":1}},"22":{"start":{"line":69,"column":2},"end":{"line":79,"column":4}},"23":{"start":{"line":82,"column":0},"end":{"line":87,"column":2}}},"fnMap":{"0":{"name":"(anonymous_0)","decl":{"start":{"line":6,"column":21},"end":{"line":6,"column":22}},"loc":{"start":{"line":6,"column":47},"end":{"line":44,"column":1}},"line":6},"1":{"name":"(anonymous_1)","decl":{"start":{"line":47,"column":18},"end":{"line":47,"column":19}},"loc":{"start":{"line":47,"column":39},"end":{"line":65,"column":1}},"line":47},"2":{"name":"(anonymous_2)","decl":{"start":{"line":48,"column":9},"end":{"line":48,"column":10}},"loc":{"start":{"line":48,"column":29},"end":{"line":64,"column":3}},"line":48},"3":{"name":"(anonymous_3)","decl":{"start":{"line":68,"column":22},"end":{"line":68,"column":23}},"loc":{"start":{"line":68,"column":32},"end":{"line":80,"column":1}},"line":68}},"branchMap":{"0":{"loc":{"start":{"line":3,"column":19},"end":{"line":3,"column":83}},"type":"binary-expr","locations":[{"start":{"line":3,"column":19},"end":{"line":3,"column":41}},{"start":{"line":3,"column":45},"end":{"line":3,"column":83}}],"line":3},"1":{"loc":{"start":{"line":10,"column":4},"end":{"line":15,"column":5}},"type":"if","locations":[{"start":{"line":10,"column":4},"end":{"line":15,"column":5}},{"start":{},"end":{}}],"line":10},"2":{"loc":{"start":{"line":10,"column":8},"end":{"line":10,"column":56}},"type":"binary-expr","locations":[{"start":{"line":10,"column":8},"end":{"line":10,"column":19}},{"start":{"line":10,"column":23},"end":{"line":10,"column":56}}],"line":10},"3":{"loc":{"start":{"line":49,"column":4},"end":{"line":54,"column":5}},"type":"if","locations":[{"start":{"line":49,"column":4},"end":{"line":54,"column":5}},{"start":{},"end":{}}],"line":49},"4":{"loc":{"start":{"line":56,"column":4},"end":{"line":61,"column":5}},"type":"if","locations":[{"start":{"line":56,"column":4},"end":{"line":61,"column":5}},{"start":{},"end":{}}],"line":56}},"s":{"0":2,"1":2,"2":2,"3":29,"4":29,"5":29,"6":5,"7":24,"8":24,"9":24,"10":22,"11":22,"12":2,"13":0,"14":2,"15":8,"16":19,"17":1,"18":18,"19":5,"20":13,"21":2,"22":27,"23":2},"f":{"0":29,"1":8,"2":19,"3":27},"b":{"0":[2,2],"1":[5,24],"2":[29,25],"3":[1,18],"4":[5,13]},"_coverageSchema":"1a1c01bbd47fc00a2c39e90264f33305004495a9","hash":"cb5389b5ec06564884b898a7b2e721606bafdeec"}
,"C:\\Users\\bodya\\Desktop\\2025-nodejs-pr-main\\pr-7\\middleware\\validation.js": {"path":"C:\\Users\\bodya\\Desktop\\2025-nodejs-pr-main\\pr-7\\middleware\\validation.js","statementMap":{"0":{"start":{"line":1,"column":49},"end":{"line":1,"column":77}},"1":{"start":{"line":4,"column":31},"end":{"line":14,"column":1}},"2":{"start":{"line":5,"column":17},"end":{"line":5,"column":38}},"3":{"start":{"line":6,"column":2},"end":{"line":12,"column":3}},"4":{"start":{"line":7,"column":4},"end":{"line":11,"column":7}},"5":{"start":{"line":13,"column":2},"end":{"line":13,"column":9}},"6":{"start":{"line":17,"column":25},"end":{"line":46,"column":1}},"7":{"start":{"line":49,"column":22},"end":{"line":60,"column":1}},"8":{"start":{"line":63,"column":30},"end":{"line":80,"column":1}},"9":{"start":{"line":83,"column":30},"end":{"line":100,"column":1}},"10":{"start":{"line":103,"column":26},"end":{"line":108,"column":1}},"11":{"start":{"line":111,"column":24},"end":{"line":116,"column":1}},"12":{"start":{"line":118,"column":0},"end":{"line":126,"column":2}}},"fnMap":{"0":{"name":"(anonymous_0)","decl":{"start":{"line":4,"column":31},"end":{"line":4,"column":32}},"loc":{"start":{"line":4,"column":51},"end":{"line":14,"column":1}},"line":4}},"branchMap":{"0":{"loc":{"start":{"line":6,"column":2},"end":{"line":12,"column":3}},"type":"if","locations":[{"start":{"line":6,"column":2},"end":{"line":12,"column":3}},{"start":{},"end":{}}],"line":6}},"s":{"0":2,"1":2,"2":38,"3":38,"4":14,"5":24,"6":2,"7":2,"8":2,"9":2,"10":2,"11":2,"12":2},"f":{"0":38},"b":{"0":[14,24]},"_coverageSchema":"1a1c01bbd47fc00a2c39e90264f33305004495a9","hash":"3bb694c6cc84566888174164d9d336914743f66b"}
,"C:\\Users\\bodya\\Desktop\\2025-nodejs-pr-main\\pr-7\\models\\Grade.js": {"path":"C:\\Users\\bodya\\Desktop\\2025-nodejs-pr-main\\pr-7\\models\\Grade.js","statementMap":{"0":{"start":{"line":1,"column":22},"end":{"line":1,"column":42}},"1":{"start":{"line":2,"column":22},"end":{"line":2,"column":51}},"2":{"start":{"line":4,"column":14},"end":{"line":36,"column":2}},"3":{"start":{"line":38,"column":0},"end":{"line":38,"column":23}}},"fnMap":{},"branchMap":{},"s":{"0":0,"1":0,"2":0,"3":0},"f":{},"b":{}}
,"C:\\Users\\bodya\\Desktop\\2025-nodejs-pr-main\\pr-7\\models\\Role.js": {"path":"C:\\Users\\bodya\\Desktop\\2025-nodejs-pr-main\\pr-7\\models\\Role.js","statementMap":{"0":{"start":{"line":1,"column":22},"end":{"line":1,"column":42}},"1":{"start":{"line":2,"column":22},"end":{"line":2,"column":51}},"2":{"start":{"line":4,"column":13},"end":{"line":23,"column":2}},"3":{"start":{"line":25,"column":0},"end":{"line":25,"column":22}}},"fnMap":{},"branchMap":{},"s":{"0":0,"1":0,"2":0,"3":0},"f":{},"b":{}}
,"C:\\Users\\bodya\\Desktop\\2025-nodejs-pr-main\\pr-7\\models\\Student.js": {"path":"C:\\Users\\bodya\\Desktop\\2025-nodejs-pr-main\\pr-7\\models\\Student.js","statementMap":{"0":{"start":{"line":1,"column":22},"end":{"line":1,"column":42}},"1":{"start":{"line":2,"column":22},"end":{"line":2,"column":51}},"2":{"start":{"line":4,"column":16},"end":{"line":42,"column":2}},"3":{"start":{"line":44,"column":0},"end":{"line":44,"column":25}}},"fnMap":{},"branchMap":{},"s":{"0":1,"1":1,"2":1,"3":1},"f":{},"b":{},"_coverageSchema":"1a1c01bbd47fc00a2c39e90264f33305004495a9","hash":"160c0efdf41798f76d01ba014f47d22508480645"}
,"C:\\Users\\bodya\\Desktop\\2025-nodejs-pr-main\\pr-7\\models\\Subject.js": {"path":"C:\\Users\\bodya\\Desktop\\2025-nodejs-pr-main\\pr-7\\models\\Subject.js","statementMap":{"0":{"start":{"line":1,"column":22},"end":{"line":1,"column":42}},"1":{"start":{"line":2,"column":22},"end":{"line":2,"column":51}},"2":{"start":{"line":4,"column":16},"end":{"line":23,"column":2}},"3":{"start":{"line":25,"column":0},"end":{"line":25,"column":25}}},"fnMap":{},"branchMap":{},"s":{"0":0,"1":0,"2":0,"3":0},"f":{},"b":{}}
,"C:\\Users\\bodya\\Desktop\\2025-nodejs-pr-main\\pr-7\\models\\User.js": {"path":"C:\\Users\\bodya\\Desktop\\2025-nodejs-pr-main\\pr-7\\models\\User.js","statementMap":{"0":{"start":{"line":1,"column":22},"end":{"line":1,"column":42}},"1":{"start":{"line":2,"column":22},"end":{"line":2,"column":51}},"2":{"start":{"line":4,"column":13},"end":{"line":50,"column":2}},"3":{"start":{"line":52,"column":0},"end":{"line":52,"column":22}}},"fnMap":{},"branchMap":{},"s":{"0":1,"1":1,"2":1,"3":1},"f":{},"b":{},"_coverageSchema":"1a1c01bbd47fc00a2c39e90264f33305004495a9","hash":"06e770623d3bc702c1ea7ac7b68a68c0a81063eb"}
,"C:\\Users\\bodya\\Desktop\\2025-nodejs-pr-main\\pr-7\\utils\\logger.js": {"path":"C:\\Users\\bodya\\Desktop\\2025-nodejs-pr-main\\pr-7\\utils\\logger.js","statementMap":{"0":{"start":{"line":1,"column":16},"end":{"line":1,"column":34}},"1":{"start":{"line":2,"column":24},"end":{"line":2,"column":60}},"2":{"start":{"line":3,"column":13},"end":{"line":3,"column":28}},"3":{"start":{"line":4,"column":11},"end":{"line":4,"column":24}},"4":{"start":{"line":7,"column":16},"end":{"line":7,"column":50}},"5":{"start":{"line":8,"column":0},"end":{"line":10,"column":1}},"6":{"start":{"line":9,"column":2},"end":{"line":9,"column":45}},"7":{"start":{"line":12,"column":22},"end":{"line":12,"column":59}},"8":{"start":{"line":15,"column":26},"end":{"line":25,"column":1}},"9":{"start":{"line":19,"column":14},"end":{"line":19,"column":51}},"10":{"start":{"line":20,"column":4},"end":{"line":22,"column":5}},"11":{"start":{"line":21,"column":6},"end":{"line":21,"column":40}},"12":{"start":{"line":23,"column":4},"end":{"line":23,"column":15}},"13":{"start":{"line":28,"column":25},"end":{"line":32,"column":1}},"14":{"start":{"line":35,"column":30},"end":{"line":42,"column":2}},"15":{"start":{"line":44,"column":27},"end":{"line":51,"column":2}},"16":{"start":{"line":54,"column":15},"end":{"line":102,"column":2}},"17":{"start":{"line":105,"column":0},"end":{"line":109,"column":2}},"18":{"start":{"line":107,"column":4},"end":{"line":107,"column":32}},"19":{"start":{"line":111,"column":0},"end":{"line":111,"column":24}}},"fnMap":{"0":{"name":"(anonymous_0)","decl":{"start":{"line":18,"column":24},"end":{"line":18,"column":25}},"loc":{"start":{"line":18,"column":68},"end":{"line":24,"column":3}},"line":18},"1":{"name":"(anonymous_1)","decl":{"start":{"line":106,"column":9},"end":{"line":106,"column":10}},"loc":{"start":{"line":106,"column":22},"end":{"line":108,"column":3}},"line":106}},"branchMap":{"0":{"loc":{"start":{"line":8,"column":0},"end":{"line":10,"column":1}},"type":"if","locations":[{"start":{"line":8,"column":0},"end":{"line":10,"column":1}},{"start":{},"end":{}}],"line":8},"1":{"loc":{"start":{"line":20,"column":4},"end":{"line":22,"column":5}},"type":"if","locations":[{"start":{"line":20,"column":4},"end":{"line":22,"column":5}},{"start":{},"end":{}}],"line":20},"2":{"loc":{"start":{"line":55,"column":9},"end":{"line":55,"column":41}},"type":"cond-expr","locations":[{"start":{"line":55,"column":25},"end":{"line":55,"column":32}},{"start":{"line":55,"column":35},"end":{"line":55,"column":41}}],"line":55},"3":{"loc":{"start":{"line":56,"column":10},"end":{"line":56,"column":62}},"type":"cond-expr","locations":[{"start":{"line":56,"column":26},"end":{"line":56,"column":43}},{"start":{"line":56,"column":46},"end":{"line":56,"column":62}}],"line":56},"4":{"loc":{"start":{"line":57,"column":14},"end":{"line":75,"column":7}},"type":"cond-expr","locations":[{"start":{"line":58,"column":6},"end":{"line":64,"column":7}},{"start":{"line":65,"column":6},"end":{"line":75,"column":7}}],"line":57},"5":{"loc":{"start":{"line":77,"column":21},"end":{"line":88,"column":7}},"type":"cond-expr","locations":[{"start":{"line":78,"column":6},"end":{"line":78,"column":69}},{"start":{"line":79,"column":6},"end":{"line":88,"column":7}}],"line":77},"6":{"loc":{"start":{"line":90,"column":21},"end":{"line":101,"column":7}},"type":"cond-expr","locations":[{"start":{"line":91,"column":6},"end":{"line":91,"column":69}},{"start":{"line":92,"column":6},"end":{"line":101,"column":7}}],"line":90}},"s":{"0":0,"1":0,"2":0,"3":0,"4":0,"5":0,"6":0,"7":0,"8":0,"9":0,"10":0,"11":0,"12":0,"13":0,"14":0,"15":0,"16":0,"17":0,"18":0,"19":0},"f":{"0":0,"1":0},"b":{"0":[0,0],"1":[0,0],"2":[0,0],"3":[0,0],"4":[0,0],"5":[0,0],"6":[0,0]}}
}
