TN:
SF:middleware\auth.js
FN:6,(anonymous_0)
FN:47,(anonymous_1)
FN:48,(anonymous_2)
FN:68,(anonymous_3)
FNF:4
FNH:4
FNDA:29,(anonymous_0)
FNDA:8,(anonymous_1)
FNDA:19,(anonymous_2)
FNDA:27,(anonymous_3)
DA:1,2
DA:3,2
DA:6,2
DA:7,29
DA:8,29
DA:10,29
DA:11,5
DA:17,24
DA:19,24
DA:20,24
DA:23,22
DA:31,22
DA:33,2
DA:39,0
DA:47,2
DA:48,8
DA:49,19
DA:50,1
DA:56,18
DA:57,5
DA:63,13
DA:68,2
DA:69,27
DA:82,2
LF:24
LH:23
BRDA:3,0,0,2
BRDA:3,0,1,2
BRDA:10,1,0,5
BRDA:10,1,1,24
BRDA:10,2,0,29
BRDA:10,2,1,25
BRDA:49,3,0,1
BRDA:49,3,1,18
BRDA:56,4,0,5
BRDA:56,4,1,13
BRF:10
BRH:10
end_of_record
TN:
SF:middleware\validation.js
FN:4,(anonymous_0)
FNF:1
FNH:1
FNDA:38,(anonymous_0)
DA:1,2
DA:4,2
DA:5,38
DA:6,38
DA:7,14
DA:13,24
DA:17,2
DA:49,2
DA:63,2
DA:83,2
DA:103,2
DA:111,2
DA:118,2
LF:13
LH:13
BRDA:6,0,0,14
BRDA:6,0,1,24
BRF:2
BRH:2
end_of_record
TN:
SF:models\Grade.js
FNF:0
FNH:0
DA:1,0
DA:2,0
DA:4,0
DA:38,0
LF:4
LH:0
BRF:0
BRH:0
end_of_record
TN:
SF:models\Role.js
FNF:0
FNH:0
DA:1,0
DA:2,0
DA:4,0
DA:25,0
LF:4
LH:0
BRF:0
BRH:0
end_of_record
TN:
SF:models\Student.js
FNF:0
FNH:0
DA:1,1
DA:2,1
DA:4,1
DA:44,1
LF:4
LH:4
BRF:0
BRH:0
end_of_record
TN:
SF:models\Subject.js
FNF:0
FNH:0
DA:1,0
DA:2,0
DA:4,0
DA:25,0
LF:4
LH:0
BRF:0
BRH:0
end_of_record
TN:
SF:models\User.js
FNF:0
FNH:0
DA:1,1
DA:2,1
DA:4,1
DA:52,1
LF:4
LH:4
BRF:0
BRH:0
end_of_record
TN:
SF:utils\logger.js
FN:18,(anonymous_0)
FN:106,(anonymous_1)
FNF:2
FNH:0
FNDA:0,(anonymous_0)
FNDA:0,(anonymous_1)
DA:1,0
DA:2,0
DA:3,0
DA:4,0
DA:7,0
DA:8,0
DA:9,0
DA:12,0
DA:15,0
DA:19,0
DA:20,0
DA:21,0
DA:23,0
DA:28,0
DA:35,0
DA:44,0
DA:54,0
DA:105,0
DA:107,0
DA:111,0
LF:20
LH:0
BRDA:8,0,0,0
BRDA:8,0,1,0
BRDA:20,1,0,0
BRDA:20,1,1,0
BRDA:55,2,0,0
BRDA:55,2,1,0
BRDA:56,3,0,0
BRDA:56,3,1,0
BRDA:57,4,0,0
BRDA:57,4,1,0
BRDA:77,5,0,0
BRDA:77,5,1,0
BRDA:90,6,0,0
BRDA:90,6,1,0
BRF:14
BRH:0
end_of_record
